This is XeTeX, Version 3.14159265-2.6-0.999992 (TeX Live 2020/Arch Linux) (preloaded format=xelatex 2020.11.5)  10 DEC 2020 22:50
entering extended mode
 \write18 enabled.
 %&-line parsing enabled.
**/home/ashwin/Documents/Notebooks/college/5th_sem/Microprocessor_and_Microcont
roller/labs/case/cover

(/home/ashwin/Documents/Notebooks/college/5th_sem/Microprocessor_and_Microcontr
oller/labs/case/cover.tex
LaTeX2e <2020-02-02> patch level 5
L3 programming layer <2020-06-03>

! LaTeX Error: Environment titlepage undefined.

See the LaTeX manual or LaTeX Companion for explanation.
Type  H <return>  for immediate help.
 ...                                              
                                                  
l.1 \begin{titlepage}
                     
? 
! Emergency stop.
 ...                                              
                                                  
l.1 \begin{titlepage}
                     
Your command was ignored.
Type  I <command> <return>  to replace it with another command,
or  <return>  to continue without it.

 
Here is how much of TeX's memory you used:
 17 strings out of 479284
 803 string characters out of 5886220
 244941 words of memory out of 5000000
 17772 multiletter control sequences out of 15000+600000
 532338 words of font info for 24 fonts, out of 8000000 for 9000
 1348 hyphenation exceptions out of 8191
 12i,0n,15p,148b,16s stack positions out of 5000i,500n,10000p,200000b,80000s
No pages of output.
