This is XeTeX, Version 3.14159265-2.6-0.999992 (TeX Live 2020/Arch Linux) (preloaded format=xelatex 2020.11.5)  10 DEC 2020 23:07
entering extended mode
 \write18 enabled.
 %&-line parsing enabled.
**/home/ashwin/Documents/Notebooks/college/5th_sem/Microprocessor_and_Microcont
roller/labs/case/file

(/home/ashwin/Documents/Notebooks/college/5th_sem/Microprocessor_and_Microcontr
oller/labs/case/file.tex
LaTeX2e <2020-02-02> patch level 5
L3 programming layer <2020-06-03>
! Undefined control sequence.
l.4 \section
            {Introduction}
? 
! Emergency stop.
l.4 \section
            {Introduction}
End of file on the terminal!

 
Here is how much of TeX's memory you used:
 15 strings out of 479284
 655 string characters out of 5886220
 244941 words of memory out of 5000000
 17772 multiletter control sequences out of 15000+600000
 532338 words of font info for 24 fonts, out of 8000000 for 9000
 1348 hyphenation exceptions out of 8191
 12i,0n,15p,130b,8s stack positions out of 5000i,500n,10000p,200000b,80000s
No pages of output.
